<?xml version="1.0" encoding="UTF-8"?>
<coverage generated="1656734933242" clover="3.2.0">
  <project timestamp="1656734933243" name="All files">
    <metrics statements="6" coveredstatements="6" conditionals="1" coveredconditionals="1" methods="3" coveredmethods="3" elements="10" coveredelements="10" complexity="0" loc="6" ncloc="6" packages="1" files="1" classes="1"/>
    <file name="InputSearch.tsx" path="/home/bryan/Documents/Projects/pichincha-project/src/components/InputSearch/InputSearch.tsx">
      <metrics statements="6" coveredstatements="6" conditionals="1" coveredconditionals="1" methods="3" coveredmethods="3"/>
      <line num="5" count="1" type="stmt"/>
      <line num="9" count="8" type="stmt"/>
      <line num="11" count="8" type="stmt"/>
      <line num="15" count="1" type="stmt"/>
      <line num="16" count="1" type="stmt"/>
      <line num="25" count="5" type="stmt"/>
    </file>
  </project>
</coverage>
