{"/home/bryan/Documents/Projects/pichincha-project/src/components/InputSearch/InputSearch.tsx": {"path":"/home/bryan/Documents/Projects/pichincha-project/src/components/InputSearch/InputSearch.tsx","statementMap":{"0":{"start":{"line":5,"column":42},"end":{"line":30,"column":1}},"1":{"start":{"line":9,"column":28},"end":{"line":9,"column":40}},"2":{"start":{"line":11,"column":2},"end":{"line":29,"column":4}},"3":{"start":{"line":15,"column":8},"end":{"line":15,"column":27}},"4":{"start":{"line":16,"column":8},"end":{"line":16,"column":24}},"5":{"start":{"line":25,"column":25},"end":{"line":25,"column":49}}},"fnMap":{"0":{"name":"(anonymous_0)","decl":{"start":{"line":5,"column":42},"end":{"line":5,"column":43}},"loc":{"start":{"line":8,"column":6},"end":{"line":30,"column":1}},"line":8},"1":{"name":"(anonymous_1)","decl":{"start":{"line":14,"column":16},"end":{"line":14,"column":17}},"loc":{"start":{"line":14,"column":23},"end":{"line":17,"column":7}},"line":14},"2":{"name":"(anonymous_2)","decl":{"start":{"line":25,"column":18},"end":{"line":25,"column":19}},"loc":{"start":{"line":25,"column":25},"end":{"line":25,"column":49}},"line":25}},"branchMap":{"0":{"loc":{"start":{"line":6,"column":2},"end":{"line":6,"column":24}},"type":"default-arg","locations":[{"start":{"line":6,"column":16},"end":{"line":6,"column":24}}],"line":6}},"s":{"0":1,"1":8,"2":8,"3":1,"4":1,"5":5},"f":{"0":8,"1":1,"2":5},"b":{"0":[7]},"_coverageSchema":"1a1c01bbd47fc00a2c39e90264f33305004495a9","hash":"0fd0313c2e0c5dd0103e9320c8a0b7575955d463"}
}
